<?xml version='1.0' encoding='UTF-8'?>
<testsuite hostname="zqc-HBL-WX9" name="workshop.simCounter.SimCounterTester" tests="4" errors="0" failures="1" skipped="0" time="0.955" timestamp="2022-04-09T19:06:14">
                     <properties>
[...]
</properties>
                     <testcase classname="workshop.simCounter.SimCounterTester" name="pass on bug-free hardware" time="0.247">
                                                 <failure message="java.lang.AssertionError: assertion failed: dut.io.value mismatch. io.value=21 counterModel=0" type="sbt.ForkMain$ForkError">sbt.ForkMain$ForkError: java.lang.AssertionError: assertion failed: dut.io.value mismatch. io.value=21 counterModel=0
	at scala.Predef$.assert(Predef.scala:170)
	at spinal.core.package$.assert(core.scala:438)
	at workshop.simCounter.SimCounterTestbench$$anonfun$main$1$$anonfun$apply$1.apply$mcVI$sp(SimCounterTestbench.scala:23)
	at scala.collection.immutable.Range.foreach$mVc$sp(Range.scala:160)
	at workshop.simCounter.SimCounterTestbench$$anonfun$main$1.apply(SimCounterTestbench.scala:17)
	at workshop.simCounter.SimCounterTestbench$$anonfun$main$1.apply(SimCounterTestbench.scala:13)
	at spinal.core.sim.SimCompiled$$anonfun$doSimApi$2.apply$mcV$sp(SimBootstraps.scala:433)
	at spinal.sim.SimManager.spinal$sim$SimManager$$threadBody$1(SimManager.scala:222)
	at spinal.sim.SimManager$$anonfun$2.apply$mcV$sp(SimManager.scala:225)
	at spinal.sim.SimThread$$anonfun$1.apply$mcV$sp(SimThread.scala:93)
	at spinal.sim.JvmThread.run(SimManager.scala:51)
</failure>
                                               </testcase><testcase classname="workshop.simCounter.SimCounterTester" name="catch increment by two" time="0.23">
                                                 
                                               </testcase><testcase classname="workshop.simCounter.SimCounterTester" name="catch bad reset" time="0.248">
                                                 
                                               </testcase><testcase classname="workshop.simCounter.SimCounterTester" name="catch reversed enable" time="0.23">
                                                 
                                               </testcase>
                     <system-out><![CDATA[]]></system-out>
                     <system-err><![CDATA[]]></system-err>
                   </testsuite>